2024-01-29 11:00:08,537 - General-Param - INFO - Reading input parameter file: /home/mathew/Desktop/PyMicroPION/test/blackbody.ini
2024-01-29 11:00:08,537 - General-Param - ERROR - Output directory 'test' does not exist.
2024-01-29 11:00:58,088 - General-Param - INFO - Reading input parameter file: /home/mathew/Desktop/PyMicroPION/test/blackbody.ini
2024-01-29 11:00:58,088 - Main - INFO - Initiating Binning Spectral Energy Distributions for BlackBody
2024-01-29 11:00:58,088 - BlackBody - INFO - Initiating Spectral Energy Distribution Binning
2024-01-29 11:00:58,120 - BlackBody - INFO - Writing PION-formatted Blackbody Data into:  test/blackbody_pionformat.txt
2024-01-29 11:01:40,674 - General-Param - INFO - Reading input parameter file: /home/mathew/Desktop/PyMicroPION/test/blackbody.ini
2024-01-29 11:01:40,674 - Main - INFO - Initiating Binning Spectral Energy Distributions for BlackBody
2024-01-29 11:01:40,675 - BlackBody - INFO - Initiating Spectral Energy Distribution Binning
2024-01-29 11:01:40,707 - BlackBody - INFO - Writing PION-formatted Blackbody Data into:  /home/mathew/Desktop/PyMicroPION/test/blackbody_pionformat.txt
2024-01-29 11:01:40,707 - Main - INFO - Writting data into /home/mathew/Desktop/PyMicroPION/test/blackbody.txt
2024-01-29 11:01:40,736 - Main - INFO - Spectral Energy Distributions Successfully Completed
2024-01-31 10:45:57,854 - General-Param - INFO - Reading input parameter file: ../test/blackbody.ini
2024-01-31 10:45:57,855 - Main - INFO - Initiating Binning Spectral Energy Distributions for BlackBody
2024-01-31 10:45:57,855 - BlackBody - INFO - Initiating Spectral Energy Distribution Binning
2024-01-31 10:45:57,893 - BlackBody - INFO - Writing PION-formatted Blackbody Data into:  /home/mathew/Desktop/PyMicroPION/test/blackbody_pionformat.txt
2024-01-31 10:45:57,894 - Main - INFO - Writting data into /home/mathew/Desktop/PyMicroPION/test/blackbody.txt
2024-01-31 10:45:57,935 - Main - INFO - Spectral Energy Distributions Successfully Completed
2024-01-31 13:08:36,359 - General-Param - INFO - Reading input parameter file: ../test/blackbody.ini
2024-01-31 13:08:46,993 - General-Param - INFO - Reading input parameter file: ../test/blackbody.ini
2024-01-31 13:08:46,994 - Main - INFO - Initiating Binning Spectral Energy Distributions for BlackBody
2024-01-31 13:08:46,994 - BlackBody - INFO - Initiating Spectral Energy Distribution Binning
2024-01-31 13:08:47,032 - BlackBody - INFO - Writing PION-formatted Blackbody Data into:  /home/mathew/Desktop/PyMicroPION/test/blackbody_pionformat.txt
2024-01-31 13:08:47,032 - Main - INFO - Writting data into /home/mathew/Desktop/PyMicroPION/test/blackbody.txt
2024-01-31 13:08:47,065 - Main - INFO - Spectral Energy Distributions Successfully Completed
2024-01-31 14:21:00,866 - General-Param - INFO - Reading input parameter file: ../test/blackbody.ini
2024-01-31 14:21:00,868 - Main - INFO - Initiating Binning Spectral Energy Distributions for BlackBody
2024-01-31 14:21:00,868 - BlackBody - INFO - Initiating Spectral Energy Distribution Binning
2024-01-31 14:21:00,934 - BlackBody - INFO - Writing PION-formatted Blackbody Data into:  /home/mathew/Desktop/PyMicroPION/test/blackbody_pionformat.txt
2024-01-31 14:21:00,935 - Main - INFO - Writting data into /home/mathew/Desktop/PyMicroPION/test/blackbody.txt
2024-01-31 14:21:00,978 - Main - INFO - Spectral Energy Distributions Successfully Completed
2024-01-31 14:29:47,224 - General-Param - INFO - Reading input parameter file: ../test/blackbody.ini
2024-01-31 14:29:47,226 - Main - INFO - Initiating Binning Spectral Energy Distributions for BlackBody
2024-01-31 14:29:47,226 - BlackBody - INFO - Initiating Spectral Energy Distribution Binning
2024-01-31 14:29:47,277 - BlackBody - INFO - Writing PION-formatted Blackbody Data into:  /home/mathew/Desktop/PyMicroPION/test/blackbody_pionformat.txt
2024-01-31 14:29:47,278 - Main - INFO - Writting data into /home/mathew/Desktop/PyMicroPION/test/blackbody.txt
2024-01-31 14:29:47,322 - Main - INFO - Spectral Energy Distributions Successfully Completed
2024-01-31 14:41:31,993 - General-Param - INFO - Reading input parameter file: ../test/blackbody.ini
2024-01-31 14:41:31,994 - Main - INFO - Initiating Binning Spectral Energy Distributions for BlackBody
2024-01-31 14:41:31,994 - BlackBody - INFO - Initiating Spectral Energy Distribution Binning
2024-01-31 14:41:32,059 - BlackBody - INFO - Writing PION-formatted Blackbody Data into:  /home/mathew/Desktop/PyMicroPION/test/blackbody_pionformat.txt
2024-01-31 14:41:32,060 - Main - INFO - Writting data into /home/mathew/Desktop/PyMicroPION/test/blackbody.txt
2024-01-31 14:41:32,111 - Main - INFO - Spectral Energy Distributions Successfully Completed
2024-01-31 16:28:17,094 - General-Param - INFO - Reading input parameter file: ../test/blackbody.ini
2024-01-31 16:28:17,096 - Main - INFO - Initiating Binning Spectral Energy Distributions for BlackBody
2024-01-31 16:28:17,096 - BlackBody - INFO - Initiating Spectral Energy Distribution Binning
2024-01-31 16:28:17,160 - BlackBody - INFO - Writing PION-formatted Blackbody Data into:  /home/mathew/Desktop/PyMicroPION/test/blackbody_pionformat.txt
2024-01-31 16:28:17,161 - Main - INFO - Writting data into /home/mathew/Desktop/PyMicroPION/test/blackbody.txt
2024-01-31 16:28:17,198 - Main - INFO - Spectral Energy Distributions Successfully Completed
2024-02-02 13:33:06,725 - General-Param - INFO - Reading input parameter file: ../test/blackbody.ini
2024-02-02 13:33:06,725 - Main - INFO - Initiating Binning Spectral Energy Distributions for BlackBody
2024-02-02 13:33:06,725 - BlackBody - INFO - Initiating Spectral Energy Distribution Binning
2024-02-02 13:33:06,763 - BlackBody - INFO - Writing PION-formatted Blackbody Data into:  /home/mathew/Desktop/PyMicroPION/test/blackbody_pionformat.txt
2024-02-02 13:33:06,763 - Main - INFO - Writting data into /home/mathew/Desktop/PyMicroPION/test/blackbody.txt
2024-02-02 13:33:06,813 - Main - INFO - Spectral Energy Distributions Successfully Completed
2024-02-02 14:02:22,077 - General-Param - INFO - Reading input parameter file: ../test/blackbody.ini
2024-02-02 14:02:22,077 - Main - INFO - Initiating Binning Spectral Energy Distributions for BlackBody
2024-02-02 14:02:22,077 - BlackBody - INFO - Initiating Spectral Energy Distribution Binning
2024-02-02 14:02:22,118 - BlackBody - INFO - Writing PION-formatted Blackbody Data into:  /home/mathew/Desktop/PyMicroPION/test/blackbody_pionformat.txt
2024-02-02 14:02:22,118 - Main - INFO - Writting data into /home/mathew/Desktop/PyMicroPION/test/blackbody.txt
2024-02-02 14:02:22,151 - Main - INFO - Spectral Energy Distributions Successfully Completed
2024-02-02 14:34:10,810 - General-Param - INFO - Reading input parameter file: ../test/blackbody.ini
2024-02-02 14:34:10,811 - Main - INFO - Initiating Binning Spectral Energy Distributions for BlackBody
2024-02-02 14:34:10,811 - BlackBody - INFO - Initiating Spectral Energy Distribution Binning
2024-02-02 14:34:10,848 - BlackBody - INFO - Writing PION-formatted Blackbody Data into:  /home/mathew/Desktop/PyMicroPION/test/blackbody_pionformat.txt
2024-02-02 14:34:10,848 - Main - INFO - Writting data into /home/mathew/Desktop/PyMicroPION/test/blackbody.txt
2024-02-02 14:34:10,882 - Main - INFO - Spectral Energy Distributions Successfully Completed
2024-02-02 14:38:30,975 - General-Param - INFO - Reading input parameter file: ../test/blackbody.ini
2024-02-02 14:38:30,976 - Main - INFO - Initiating Binning Spectral Energy Distributions for BlackBody
2024-02-02 14:38:30,976 - BlackBody - INFO - Initiating Spectral Energy Distribution Binning
2024-02-02 14:38:31,014 - BlackBody - INFO - Writing PION-formatted Blackbody Data into:  /home/mathew/Desktop/PyMicroPION/test/blackbody_pionformat.txt
2024-02-02 14:38:31,014 - Main - INFO - Writting data into /home/mathew/Desktop/PyMicroPION/test/blackbody.txt
2024-02-02 14:38:31,047 - Main - INFO - Spectral Energy Distributions Successfully Completed
2024-02-02 14:39:01,354 - General-Param - INFO - Reading input parameter file: ../test/blackbody.ini
2024-02-02 14:39:01,355 - Main - INFO - Initiating Binning Spectral Energy Distributions for BlackBody
2024-02-02 14:39:01,355 - BlackBody - INFO - Initiating Spectral Energy Distribution Binning
2024-02-02 14:39:01,391 - BlackBody - INFO - Writing PION-formatted Blackbody Data into:  /home/mathew/Desktop/PyMicroPION/test/blackbody_pionformat.txt
2024-02-02 14:39:01,392 - Main - INFO - Writting data into /home/mathew/Desktop/PyMicroPION/test/blackbody.txt
2024-02-02 14:39:01,424 - Main - INFO - Spectral Energy Distributions Successfully Completed
2024-02-02 14:39:41,053 - General-Param - INFO - Reading input parameter file: ../test/blackbody.ini
2024-02-02 14:39:41,054 - Main - INFO - Initiating Binning Spectral Energy Distributions for BlackBody
2024-02-02 14:39:41,054 - BlackBody - INFO - Initiating Spectral Energy Distribution Binning
2024-02-02 14:39:41,110 - BlackBody - INFO - Writing PION-formatted Blackbody Data into:  /home/mathew/Desktop/PyMicroPION/test/blackbody_pionformat.txt
2024-02-02 14:39:41,111 - Main - INFO - Writting data into /home/mathew/Desktop/PyMicroPION/test/blackbody.txt
2024-02-02 14:39:41,143 - Main - INFO - Spectral Energy Distributions Successfully Completed
